2019-07-28 12:39:13.034693 ::: zero-size array to reduction operation fmax which has no identity with ../rawin_data/47138/UPPER_SONDE_47138_ALL_2013_2013_2015.csv on 2013-01-31 12
2019-07-28 13:02:01.775592 ::: zero-size array to reduction operation fmax which has no identity with ../rawin_data/47138/UPPER_SONDE_47138_ALL_2013_2013_2015.csv on 2013-11-06 12
2019-07-28 13:17:08.718426 ::: zero-size array to reduction operation fmax which has no identity with ../rawin_data/47138/UPPER_SONDE_47138_ALL_2014_2014_2015.csv on 2014-03-10 00
2019-07-28 13:17:45.269931 ::: zero-size array to reduction operation fmax which has no identity with ../rawin_data/47138/UPPER_SONDE_47138_ALL_2014_2014_2015.csv on 2014-03-16 00
2019-07-28 13:18:32.274991 ::: zero-size array to reduction operation fmax which has no identity with ../rawin_data/47138/UPPER_SONDE_47138_ALL_2014_2014_2015.csv on 2014-03-24 12
2019-07-28 13:18:45.288282 ::: zero-size array to reduction operation fmax which has no identity with ../rawin_data/47138/UPPER_SONDE_47138_ALL_2014_2014_2015.csv on 2014-03-27 00
2019-07-28 13:20:29.404101 ::: zero-size array to reduction operation fmax which has no identity with ../rawin_data/47138/UPPER_SONDE_47138_ALL_2014_2014_2015.csv on 2014-04-13 12
2019-07-28 15:18:00.019963 ::: zero-size array to reduction operation fmax which has no identity with ../rawin_data/47138/UPPER_SONDE_47138_ALL_2017_2017_2018.csv on 2017-06-14 00
2019-07-28 15:18:03.420138 ::: zero-size array to reduction operation fmax which has no identity with ../rawin_data/47138/UPPER_SONDE_47138_ALL_2017_2017_2018.csv on 2017-06-15 00
2019-07-28 17:04:13.592531 ::: 'SkewT' object has no attribute 'yscale' with ../rawin_data/47138/UPPER_SONDE_47138_ALL_2010_2010_2018.csv on 2010-01-01 00
2019-07-28 17:07:58.283318 ::: invalid index to scalar variable. with ../rawin_data/47138/UPPER_SONDE_47138_ALL_2010_2010_2018.csv on 2010-01-01 00
2019-07-28 17:09:45.228334 ::: invalid index to scalar variable. with ../rawin_data/47138/UPPER_SONDE_47138_ALL_2010_2010_2018.csv on 2010-01-01 00
2019-07-28 17:10:17.832145 ::: invalid index to scalar variable. with ../rawin_data/47138/UPPER_SONDE_47138_ALL_2010_2010_2018.csv on 2010-01-01 00
2019-07-28 17:10:46.812666 ::: invalid index to scalar variable. with ../rawin_data/47138/UPPER_SONDE_47138_ALL_2010_2010_2018.csv on 2010-01-01 00
2019-07-28 17:11:42.050929 ::: invalid index to scalar variable. with ../rawin_data/47138/UPPER_SONDE_47138_ALL_2010_2010_2018.csv on 2010-01-01 00
2019-07-28 17:16:55.390405 ::: invalid index to scalar variable. with ../rawin_data/47138/UPPER_SONDE_47138_ALL_2010_2010_2018.csv on 2010-01-01 00
2019-07-28 17:21:36.193790 ::: invalid index to scalar variable. with ../rawin_data/47138/UPPER_SONDE_47138_ALL_2010_2010_2018.csv on 2010-01-01 00
2019-07-28 17:21:50.577370 ::: invalid index to scalar variable. with ../rawin_data/47138/UPPER_SONDE_47138_ALL_2010_2010_2018.csv on 2010-01-01 00
2019-07-28 17:23:22.105572 ::: invalid index to scalar variable. with ../rawin_data/47138/UPPER_SONDE_47138_ALL_2010_2010_2018.csv on 2010-01-01 00
2019-07-28 17:24:06.273936 ::: invalid index to scalar variable. with ../rawin_data/47138/UPPER_SONDE_47138_ALL_2010_2010_2018.csv on 2010-01-01 00
2019-07-28 17:26:39.854227 ::: invalid index to scalar variable. with ../rawin_data/47138/UPPER_SONDE_47138_ALL_2010_2010_2018.csv on 2010-01-01 00
2019-07-28 17:27:06.992688 ::: invalid index to scalar variable. with ../rawin_data/47138/UPPER_SONDE_47138_ALL_2010_2010_2018.csv on 2010-01-01 00
2019-07-28 17:27:47.224068 ::: invalid index to scalar variable. with ../rawin_data/47138/UPPER_SONDE_47138_ALL_2010_2010_2018.csv on 2010-01-01 00
2019-07-28 17:28:19.705216 ::: invalid index to scalar variable. with ../rawin_data/47138/UPPER_SONDE_47138_ALL_2010_2010_2018.csv on 2010-01-01 00
2019-07-28 17:28:52.578298 ::: invalid index to scalar variable. with ../rawin_data/47138/UPPER_SONDE_47138_ALL_2010_2010_2018.csv on 2010-01-01 00
2019-07-28 17:31:02.729266 ::: invalid index to scalar variable. with ../rawin_data/47138/UPPER_SONDE_47138_ALL_2010_2010_2018.csv on 2010-01-01 00
2019-07-28 17:32:21.261251 ::: invalid index to scalar variable. with ../rawin_data/47138/UPPER_SONDE_47138_ALL_2010_2010_2018.csv on 2010-01-01 00
2019-07-28 17:35:38.748779 ::: invalid index to scalar variable. with ../rawin_data/47138/UPPER_SONDE_47138_ALL_2010_2010_2018.csv on 2010-01-01 00
2019-07-28 17:35:54.615376 ::: invalid index to scalar variable. with ../rawin_data/47138/UPPER_SONDE_47138_ALL_2010_2010_2018.csv on 2010-01-01 00
2019-07-28 17:36:14.155102 ::: invalid index to scalar variable. with ../rawin_data/47138/UPPER_SONDE_47138_ALL_2010_2010_2018.csv on 2010-01-01 00
2019-07-28 17:36:48.589693 ::: invalid index to scalar variable. with ../rawin_data/47138/UPPER_SONDE_47138_ALL_2010_2010_2018.csv on 2010-01-01 00
2019-07-28 17:37:08.472484 ::: invalid index to scalar variable. with ../rawin_data/47138/UPPER_SONDE_47138_ALL_2010_2010_2018.csv on 2010-01-01 00
2019-07-28 17:40:25.780019 ::: invalid index to scalar variable. with ../rawin_data/47138/UPPER_SONDE_47138_ALL_2010_2010_2018.csv on 2010-01-01 00
2019-07-28 17:41:36.132872 ::: invalid index to scalar variable. with ../rawin_data/47138/UPPER_SONDE_47138_ALL_2010_2010_2018.csv on 2010-01-01 00
2019-07-28 17:43:07.104574 ::: invalid index to scalar variable. with ../rawin_data/47138/UPPER_SONDE_47138_ALL_2010_2010_2018.csv on 2010-01-01 00
2019-07-28 17:43:24.920932 ::: invalid index to scalar variable. with ../rawin_data/47138/UPPER_SONDE_47138_ALL_2010_2010_2018.csv on 2010-01-01 00
2019-07-28 17:43:53.624195 ::: invalid index to scalar variable. with ../rawin_data/47138/UPPER_SONDE_47138_ALL_2010_2010_2018.csv on 2010-01-01 00
2019-07-28 17:44:41.785413 ::: invalid index to scalar variable. with ../rawin_data/47138/UPPER_SONDE_47138_ALL_2010_2010_2018.csv on 2010-01-01 00
2019-07-28 17:53:24.747820 ::: invalid index to scalar variable. with ../rawin_data/47138/UPPER_SONDE_47138_ALL_2010_2010_2018.csv on 2010-01-01 00
2019-07-28 17:54:10.498449 ::: invalid index to scalar variable. with ../rawin_data/47138/UPPER_SONDE_47138_ALL_2010_2010_2018.csv on 2010-01-01 00
2019-07-28 17:54:47.915462 ::: invalid index to scalar variable. with ../rawin_data/47138/UPPER_SONDE_47138_ALL_2010_2010_2018.csv on 2010-01-01 00
2019-07-28 17:55:18.817826 ::: invalid index to scalar variable. with ../rawin_data/47138/UPPER_SONDE_47138_ALL_2010_2010_2018.csv on 2010-01-01 00
2019-07-28 17:56:00.725763 ::: invalid index to scalar variable. with ../rawin_data/47138/UPPER_SONDE_47138_ALL_2010_2010_2018.csv on 2010-01-01 00
2019-07-28 17:56:19.923417 ::: invalid index to scalar variable. with ../rawin_data/47138/UPPER_SONDE_47138_ALL_2010_2010_2018.csv on 2010-01-01 00
2019-07-28 17:57:17.390778 ::: name 'EL_pressure' is not defined with ../rawin_data/47138/UPPER_SONDE_47138_ALL_2010_2010_2018.csv on 2010-01-01 00
2019-07-28 19:11:27.078010 ::: module 'metpy.calc' has no attribute 'calc' with ../rawin_data/47138/UPPER_SONDE_47138_ALL_2010_2010_2018.csv on 2010-01-01 00
2019-07-28 19:11:54.764970 ::: Illegal format string "po"; two marker symbols with ../rawin_data/47138/UPPER_SONDE_47138_ALL_2010_2010_2018.csv on 2010-01-01 00
2019-07-28 21:23:55.420421 ::: place: mask and data must be the same size with ../rawin_data/47138/UPPER_SONDE_47138_ALL_2010_2010_2018.csv on 2010-01-01 00
2019-07-28 21:24:47.352514 ::: place: mask and data must be the same size with ../rawin_data/47138/UPPER_SONDE_47138_ALL_2010_2010_2018.csv on 2010-01-01 00
2019-07-28 21:25:55.448413 ::: place: mask and data must be the same size with ../rawin_data/47138/UPPER_SONDE_47138_ALL_2010_2010_2018.csv on 2010-01-01 00
2019-07-28 21:44:10.605401 ::: Unknown property fontcolor with ../rawin_data/47138/UPPER_SONDE_47138_ALL_2010_2010_2018.csv on 2010-01-01 00
2019-07-28 21:47:16.285858 ::: Unknown property fontcolor with ../rawin_data/47138/UPPER_SONDE_47138_ALL_2010_2010_2018.csv on 2010-01-01 00
2019-07-28 21:48:10.251546 ::: name 'black' is not defined with ../rawin_data/47138/UPPER_SONDE_47138_ALL_2010_2010_2018.csv on 2010-01-01 00
2019-07-28 22:01:39.527505 ::: 'Unit' object has no attribute 'update' with ../rawin_data/47138/UPPER_SONDE_47138_ALL_2010_2010_2018.csv on 2010-01-01 00
2019-07-28 22:24:05.763492 ::: index 0 is out of bounds for axis 0 with size 0 with ../rawin_data/47138/UPPER_SONDE_47138_ALL_2010_2010_2018.csv on 2010-01-12 00
2019-07-28 22:31:52.726372 ::: `dry_lapse` given arguments with incorrect units: `temperature` requires "[temperature]" but given "none".
Any variable `x` can be assigned a unit as follows:
    from metpy.units import units
    x = x * units.meter / units.second with ../rawin_data/47138/UPPER_SONDE_47138_ALL_2011_2011_2018.csv on 2011-01-01 12
2019-07-28 22:39:15.519291 ::: operands could not be broadcast together with shapes (50,) (9,)  with ../rawin_data/47138/UPPER_SONDE_47138_ALL_2011_2011_2018.csv on 2011-01-01 12
2019-07-28 22:40:32.423634 ::: operands could not be broadcast together with shapes (50,) (9,)  with ../rawin_data/47138/UPPER_SONDE_47138_ALL_2011_2011_2018.csv on 2011-01-01 12
2019-07-28 22:41:13.225501 ::: operands could not be broadcast together with shapes (50,) (20,)  with ../rawin_data/47138/UPPER_SONDE_47138_ALL_2011_2011_2018.csv on 2011-01-01 12
2019-07-28 22:43:21.858098 ::: operands could not be broadcast together with shapes (50,) (200,)  with ../rawin_data/47138/UPPER_SONDE_47138_ALL_2011_2011_2018.csv on 2011-01-01 12
2019-07-28 22:43:39.133889 ::: operands could not be broadcast together with shapes (50,) (20,)  with ../rawin_data/47138/UPPER_SONDE_47138_ALL_2011_2011_2018.csv on 2011-01-01 12
2019-07-28 22:44:20.187084 ::: operands could not be broadcast together with shapes (50,) (200,)  with ../rawin_data/47138/UPPER_SONDE_47138_ALL_2011_2011_2018.csv on 2011-01-01 12
2019-07-28 22:59:55.179145 ::: operands could not be broadcast together with shapes (50,) (9,)  with ../rawin_data/47138/UPPER_SONDE_47138_ALL_2011_2011_2018.csv on 2011-01-01 12
2019-07-28 23:28:14.396892 ::: name 'blue' is not defined with ../rawin_data/47138/UPPER_SONDE_47138_ALL_2011_2011_2018.csv on 2011-01-01 12
2019-07-29 00:04:48.421839 ::: index 0 is out of bounds for axis 0 with size 0 with ../rawin_data/47138/UPPER_SONDE_47138_ALL_2010_2010_2018.csv on 2010-01-12 00
2019-07-29 00:05:45.209201 ::: Neither Quantity object nor its magnitude (500)supports indexing with ../rawin_data/47138/UPPER_SONDE_47138_ALL_2010_2010_2018.csv on 2010-01-01 00
2019-07-29 00:05:46.467828 ::: Neither Quantity object nor its magnitude (500)supports indexing with ../rawin_data/47138/UPPER_SONDE_47138_ALL_2010_2010_2018.csv on 2010-01-01 12
2019-07-29 00:05:47.972773 ::: Neither Quantity object nor its magnitude (500)supports indexing with ../rawin_data/47138/UPPER_SONDE_47138_ALL_2010_2010_2018.csv on 2010-01-02 00
2019-07-29 00:05:49.200487 ::: Neither Quantity object nor its magnitude (500)supports indexing with ../rawin_data/47138/UPPER_SONDE_47138_ALL_2010_2010_2018.csv on 2010-01-02 12
2019-07-29 00:05:50.224757 ::: Neither Quantity object nor its magnitude (500)supports indexing with ../rawin_data/47138/UPPER_SONDE_47138_ALL_2010_2010_2018.csv on 2010-01-03 00
2019-07-29 00:05:51.603063 ::: Neither Quantity object nor its magnitude (500)supports indexing with ../rawin_data/47138/UPPER_SONDE_47138_ALL_2010_2010_2018.csv on 2010-01-03 12
2019-07-29 00:05:52.942515 ::: Neither Quantity object nor its magnitude (500)supports indexing with ../rawin_data/47138/UPPER_SONDE_47138_ALL_2010_2010_2018.csv on 2010-01-04 00
2019-07-29 00:05:53.847095 ::: Neither Quantity object nor its magnitude (500)supports indexing with ../rawin_data/47138/UPPER_SONDE_47138_ALL_2010_2010_2018.csv on 2010-01-04 12
2019-07-29 00:05:55.165569 ::: Neither Quantity object nor its magnitude (500)supports indexing with ../rawin_data/47138/UPPER_SONDE_47138_ALL_2010_2010_2018.csv on 2010-01-05 00
2019-07-29 00:05:56.679495 ::: Neither Quantity object nor its magnitude (500)supports indexing with ../rawin_data/47138/UPPER_SONDE_47138_ALL_2010_2010_2018.csv on 2010-01-05 12
2019-07-29 00:16:12.280645 ::: index 0 is out of bounds for axis 0 with size 0 with ../rawin_data/47138/UPPER_SONDE_47138_ALL_2010_2010_2018.csv on 2010-01-12 00
